<?xml version="1.0" encoding="UTF-8"?>
<testng-results skipped="0" failed="0" ignored="0" total="0" passed="0">
  <reporter-output>
  </reporter-output>
  <suite name="core.AppTest" duration-ms="3" started-at="2018-11-16T00:12:23Z" finished-at="2018-11-16T00:12:23Z">
    <groups>
    </groups>
    <test name="Command line test" duration-ms="3" started-at="2018-11-16T00:12:23Z" finished-at="2018-11-16T00:12:23Z">
    </test> <!-- Command line test -->
  </suite> <!-- core.AppTest -->
</testng-results>
